# JRE version: Java(TM) SE Runtime Environment (8.0_172-b11) (build 1.8.0_172-b11)
# Java VM: Java HotSpot(TM) 64-Bit Server VM (25.172-b11 mixed mode windows-amd64 compressed oops)
Heap:
 PSYoungGen      total 154112K, used 145727K [0x00000000db500000, 0x00000000e6780000, 0x0000000100000000)
  eden space 130048K, 94% used [0x00000000db500000,0x00000000e2d55178,0x00000000e3400000)
  from space 24064K, 93% used [0x00000000e3400000,0x00000000e49fab08,0x00000000e4b80000)
  to   space 23040K, 0% used [0x00000000e4b80000,0x00000000e4b80000,0x00000000e6200000)
 ParOldGen       total 57344K, used 44567K [0x0000000091e00000, 0x0000000095600000, 0x00000000db500000)
  object space 57344K, 77% used [0x0000000091e00000,0x0000000094985ff8,0x0000000095600000)
 Metaspace       used 31605K, capacity 32274K, committed 32512K, reserved 1081344K
  class space    used 3775K, capacity 4009K, committed 4096K, reserved 1048576K
GC Heap History (10 events):
Event: 9.593 GC heap before
{Heap before GC invocations=10 (full 1):
 PSYoungGen      total 91136K, used 91127K [0x00000000db500000, 0x00000000e3500000, 0x0000000100000000)
  eden space 82944K, 100% used [0x00000000db500000,0x00000000e0600000,0x00000000e0600000)
  from space 8192K, 99% used [0x00000000e2d00000,0x00000000e34fdf78,0x00000000e3500000)
  to   space 9728K, 0% used [0x00000000e2200000,0x00000000e2200000,0x00000000e2b80000)
 ParOldGen       total 57344K, used 12686K [0x0000000091e00000, 0x0000000095600000, 0x00000000db500000)
  object space 57344K, 22% used [0x0000000091e00000,0x0000000092a63938,0x0000000095600000)
 Metaspace       used 28965K, capacity 29514K, committed 29824K, reserved 1075200K
  class space    used 3459K, capacity 3642K, committed 3712K, reserved 1048576K
Event: 9.611 GC heap after
Heap after GC invocations=10 (full 1):
 PSYoungGen      total 114688K, used 9712K [0x00000000db500000, 0x00000000e3a80000, 0x0000000100000000)
  eden space 104960K, 0% used [0x00000000db500000,0x00000000db500000,0x00000000e1b80000)
  from space 9728K, 99% used [0x00000000e2200000,0x00000000e2b7c328,0x00000000e2b80000)
  to   space 15360K, 0% used [0x00000000e2b80000,0x00000000e2b80000,0x00000000e3a80000)
 ParOldGen       total 57344K, used 25334K [0x0000000091e00000, 0x0000000095600000, 0x00000000db500000)
  object space 57344K, 44% used [0x0000000091e00000,0x00000000936bd8f0,0x0000000095600000)
 Metaspace       used 28965K, capacity 29514K, committed 29824K, reserved 1075200K
  class space    used 3459K, capacity 3642K, committed 3712K, reserved 1048576K
}
Event: 10.563 GC heap before
{Heap before GC invocations=11 (full 1):
 PSYoungGen      total 114688K, used 114672K [0x00000000db500000, 0x00000000e3a80000, 0x0000000100000000)
  eden space 104960K, 100% used [0x00000000db500000,0x00000000e1b80000,0x00000000e1b80000)
  from space 9728K, 99% used [0x00000000e2200000,0x00000000e2b7c328,0x00000000e2b80000)
  to   space 15360K, 0% used [0x00000000e2b80000,0x00000000e2b80000,0x00000000e3a80000)
 ParOldGen       total 57344K, used 25334K [0x0000000091e00000, 0x0000000095600000, 0x00000000db500000)
  object space 57344K, 44% used [0x0000000091e00000,0x00000000936bd8f0,0x0000000095600000)
 Metaspace       used 29001K, capacity 29578K, committed 29824K, reserved 1075200K
  class space    used 3459K, capacity 3642K, committed 3712K, reserved 1048576K
Event: 10.585 GC heap after
Heap after GC invocations=11 (full 1):
 PSYoungGen      total 115712K, used 15346K [0x00000000db500000, 0x00000000e6180000, 0x0000000100000000)
  eden space 100352K, 0% used [0x00000000db500000,0x00000000db500000,0x00000000e1700000)
  from space 15360K, 99% used [0x00000000e2b80000,0x00000000e3a7ca98,0x00000000e3a80000)
  to   space 20992K, 0% used [0x00000000e1700000,0x00000000e1700000,0x00000000e2b80000)
 ParOldGen       total 57344K, used 35358K [0x0000000091e00000, 0x0000000095600000, 0x00000000db500000)
  object space 57344K, 61% used [0x0000000091e00000,0x0000000094087bb0,0x0000000095600000)
 Metaspace       used 29001K, capacity 29578K, committed 29824K, reserved 1075200K
  class space    used 3459K, capacity 3642K, committed 3712K, reserved 1048576K
}
Event: 11.392 GC heap before
{Heap before GC invocations=12 (full 1):
 PSYoungGen      total 115712K, used 115698K [0x00000000db500000, 0x00000000e6180000, 0x0000000100000000)
  eden space 100352K, 100% used [0x00000000db500000,0x00000000e1700000,0x00000000e1700000)
  from space 15360K, 99% used [0x00000000e2b80000,0x00000000e3a7ca98,0x00000000e3a80000)
  to   space 20992K, 0% used [0x00000000e1700000,0x00000000e1700000,0x00000000e2b80000)
 ParOldGen       total 57344K, used 35358K [0x0000000091e00000, 0x0000000095600000, 0x00000000db500000)
  object space 57344K, 61% used [0x0000000091e00000,0x0000000094087bb0,0x0000000095600000)
 Metaspace       used 29015K, capacity 29588K, committed 29824K, reserved 1075200K
  class space    used 3461K, capacity 3644K, committed 3712K, reserved 1048576K
Event: 11.414 GC heap after
Heap after GC invocations=12 (full 1):
 PSYoungGen      total 121344K, used 17871K [0x00000000db500000, 0x00000000e6200000, 0x0000000100000000)
  eden space 100352K, 0% used [0x00000000db500000,0x00000000db500000,0x00000000e1700000)
  from space 20992K, 85% used [0x00000000e1700000,0x00000000e2873c08,0x00000000e2b80000)
  to   space 23040K, 0% used [0x00000000e4b80000,0x00000000e4b80000,0x00000000e6200000)
 ParOldGen       total 57344K, used 39947K [0x0000000091e00000, 0x0000000095600000, 0x00000000db500000)
  object space 57344K, 69% used [0x0000000091e00000,0x0000000094502cb0,0x0000000095600000)
 Metaspace       used 29015K, capacity 29588K, committed 29824K, reserved 1075200K
  class space    used 3461K, capacity 3644K, committed 3712K, reserved 1048576K
}
Event: 11.861 GC heap before
{Heap before GC invocations=13 (full 1):
 PSYoungGen      total 121344K, used 118223K [0x00000000db500000, 0x00000000e6200000, 0x0000000100000000)
  eden space 100352K, 100% used [0x00000000db500000,0x00000000e1700000,0x00000000e1700000)
  from space 20992K, 85% used [0x00000000e1700000,0x00000000e2873c08,0x00000000e2b80000)
  to   space 23040K, 0% used [0x00000000e4b80000,0x00000000e4b80000,0x00000000e6200000)
 ParOldGen       total 57344K, used 39947K [0x0000000091e00000, 0x0000000095600000, 0x00000000db500000)
  object space 57344K, 69% used [0x0000000091e00000,0x0000000094502cb0,0x0000000095600000)
 Metaspace       used 29025K, capacity 29656K, committed 29824K, reserved 1075200K
  class space    used 3463K, capacity 3644K, committed 3712K, reserved 1048576K
Event: 11.881 GC heap after
Heap after GC invocations=13 (full 1):
 PSYoungGen      total 153088K, used 17348K [0x00000000db500000, 0x00000000e6780000, 0x0000000100000000)
  eden space 130048K, 0% used [0x00000000db500000,0x00000000db500000,0x00000000e3400000)
  from space 23040K, 75% used [0x00000000e4b80000,0x00000000e5c71110,0x00000000e6200000)
  to   space 24064K, 0% used [0x00000000e3400000,0x00000000e3400000,0x00000000e4b80000)
 ParOldGen       total 57344K, used 42541K [0x0000000091e00000, 0x0000000095600000, 0x00000000db500000)
  object space 57344K, 74% used [0x0000000091e00000,0x000000009478b458,0x0000000095600000)
 Metaspace       used 29025K, capacity 29656K, committed 29824K, reserved 1075200K
  class space    used 3463K, capacity 3644K, committed 3712K, reserved 1048576K
}
Event: 12.561 GC heap before
{Heap before GC invocations=14 (full 1):
 PSYoungGen      total 153088K, used 147396K [0x00000000db500000, 0x00000000e6780000, 0x0000000100000000)
  eden space 130048K, 100% used [0x00000000db500000,0x00000000e3400000,0x00000000e3400000)
  from space 23040K, 75% used [0x00000000e4b80000,0x00000000e5c71110,0x00000000e6200000)
  to   space 24064K, 0% used [0x00000000e3400000,0x00000000e3400000,0x00000000e4b80000)
 ParOldGen       total 57344K, used 42541K [0x0000000091e00000, 0x0000000095600000, 0x00000000db500000)
  object space 57344K, 74% used [0x0000000091e00000,0x000000009478b458,0x0000000095600000)
 Metaspace       used 29037K, capacity 29656K, committed 29824K, reserved 1075200K
  class space    used 3464K, capacity 3644K, committed 3712K, reserved 1048576K
Event: 12.588 GC heap after
Heap after GC invocations=14 (full 1):
 PSYoungGen      total 154112K, used 22506K [0x00000000db500000, 0x00000000e6780000, 0x0000000100000000)
  eden space 130048K, 0% used [0x00000000db500000,0x00000000db500000,0x00000000e3400000)
  from space 24064K, 93% used [0x00000000e3400000,0x00000000e49fab08,0x00000000e4b80000)
  to   space 23040K, 0% used [0x00000000e4b80000,0x00000000e4b80000,0x00000000e6200000)
 ParOldGen       total 57344K, used 44567K [0x0000000091e00000, 0x0000000095600000, 0x00000000db500000)
  object space 57344K, 77% used [0x0000000091e00000,0x0000000094985ff8,0x0000000095600000)
 Metaspace       used 29037K, capacity 29656K, committed 29824K, reserved 1075200K
  class space    used 3464K, capacity 3644K, committed 3712K, reserved 1048576K
}

