# JRE version: Java(TM) SE Runtime Environment (8.0_172-b11) (build 1.8.0_172-b11)
# Java VM: Java HotSpot(TM) 64-Bit Server VM (25.172-b11 mixed mode windows-amd64 compressed oops)
Heap:
 PSYoungGen      total 35328K, used 9474K [0x00000000db500000, 0x00000000de000000, 0x0000000100000000)
  eden space 27648K, 9% used [0x00000000db500000,0x00000000db779ca0,0x00000000dd000000)
  from space 7680K, 90% used [0x00000000dd880000,0x00000000ddf46c30,0x00000000de000000)
  to   space 8192K, 0% used [0x00000000dd000000,0x00000000dd000000,0x00000000dd800000)
 ParOldGen       total 76800K, used 8452K [0x0000000091e00000, 0x0000000096900000, 0x00000000db500000)
  object space 76800K, 11% used [0x0000000091e00000,0x00000000926411c0,0x0000000096900000)
 Metaspace       used 19338K, capacity 19798K, committed 19968K, reserved 1067008K
  class space    used 2366K, capacity 2513K, committed 2560K, reserved 1048576K
GC Heap History (10 events):
Event: 1.486 GC heap before
{Heap before GC invocations=2 (full 0):
 PSYoungGen      total 33280K, used 33268K [0x00000000db500000, 0x00000000dda00000, 0x0000000100000000)
  eden space 28672K, 100% used [0x00000000db500000,0x00000000dd100000,0x00000000dd100000)
  from space 4608K, 99% used [0x00000000dd100000,0x00000000dd57d318,0x00000000dd580000)
  to   space 4608K, 0% used [0x00000000dd580000,0x00000000dd580000,0x00000000dda00000)
 ParOldGen       total 76800K, used 266K [0x0000000091e00000, 0x0000000096900000, 0x00000000db500000)
  object space 76800K, 0% used [0x0000000091e00000,0x0000000091e428b0,0x0000000096900000)
 Metaspace       used 10791K, capacity 10974K, committed 11136K, reserved 1058816K
  class space    used 1321K, capacity 1379K, committed 1408K, reserved 1048576K
Event: 1.491 GC heap after
Heap after GC invocations=2 (full 0):
 PSYoungGen      total 33280K, used 4576K [0x00000000db500000, 0x00000000dda00000, 0x0000000100000000)
  eden space 28672K, 0% used [0x00000000db500000,0x00000000db500000,0x00000000dd100000)
  from space 4608K, 99% used [0x00000000dd580000,0x00000000dd9f8280,0x00000000dda00000)
  to   space 4608K, 0% used [0x00000000dd100000,0x00000000dd100000,0x00000000dd580000)
 ParOldGen       total 76800K, used 1278K [0x0000000091e00000, 0x0000000096900000, 0x00000000db500000)
  object space 76800K, 1% used [0x0000000091e00000,0x0000000091f3fa90,0x0000000096900000)
 Metaspace       used 10791K, capacity 10974K, committed 11136K, reserved 1058816K
  class space    used 1321K, capacity 1379K, committed 1408K, reserved 1048576K
}
Event: 2.009 GC heap before
{Heap before GC invocations=3 (full 0):
 PSYoungGen      total 33280K, used 33248K [0x00000000db500000, 0x00000000dda00000, 0x0000000100000000)
  eden space 28672K, 100% used [0x00000000db500000,0x00000000dd100000,0x00000000dd100000)
  from space 4608K, 99% used [0x00000000dd580000,0x00000000dd9f8280,0x00000000dda00000)
  to   space 4608K, 0% used [0x00000000dd100000,0x00000000dd100000,0x00000000dd580000)
 ParOldGen       total 76800K, used 1278K [0x0000000091e00000, 0x0000000096900000, 0x00000000db500000)
  object space 76800K, 1% used [0x0000000091e00000,0x0000000091f3fa90,0x0000000096900000)
 Metaspace       used 14312K, capacity 14578K, committed 14720K, reserved 1062912K
  class space    used 1774K, capacity 1843K, committed 1920K, reserved 1048576K
Event: 2.015 GC heap after
Heap after GC invocations=3 (full 0):
 PSYoungGen      total 33280K, used 4584K [0x00000000db500000, 0x00000000dda00000, 0x0000000100000000)
  eden space 28672K, 0% used [0x00000000db500000,0x00000000db500000,0x00000000dd100000)
  from space 4608K, 99% used [0x00000000dd100000,0x00000000dd57a080,0x00000000dd580000)
  to   space 4608K, 0% used [0x00000000dd580000,0x00000000dd580000,0x00000000dda00000)
 ParOldGen       total 76800K, used 3672K [0x0000000091e00000, 0x0000000096900000, 0x00000000db500000)
  object space 76800K, 4% used [0x0000000091e00000,0x00000000921962a0,0x0000000096900000)
 Metaspace       used 14312K, capacity 14578K, committed 14720K, reserved 1062912K
  class space    used 1774K, capacity 1843K, committed 1920K, reserved 1048576K
}
Event: 4.595 GC heap before
{Heap before GC invocations=4 (full 0):
 PSYoungGen      total 33280K, used 33256K [0x00000000db500000, 0x00000000dda00000, 0x0000000100000000)
  eden space 28672K, 100% used [0x00000000db500000,0x00000000dd100000,0x00000000dd100000)
  from space 4608K, 99% used [0x00000000dd100000,0x00000000dd57a080,0x00000000dd580000)
  to   space 4608K, 0% used [0x00000000dd580000,0x00000000dd580000,0x00000000dda00000)
 ParOldGen       total 76800K, used 3672K [0x0000000091e00000, 0x0000000096900000, 0x00000000db500000)
  object space 76800K, 4% used [0x0000000091e00000,0x00000000921962a0,0x0000000096900000)
 Metaspace       used 15524K, capacity 15830K, committed 16128K, reserved 1062912K
  class space    used 1884K, capacity 1977K, committed 2048K, reserved 1048576K
Event: 4.603 GC heap after
Heap after GC invocations=4 (full 0):
 PSYoungGen      total 33280K, used 4584K [0x00000000db500000, 0x00000000dda00000, 0x0000000100000000)
  eden space 28672K, 0% used [0x00000000db500000,0x00000000db500000,0x00000000dd100000)
  from space 4608K, 99% used [0x00000000dd580000,0x00000000dd9fa040,0x00000000dda00000)
  to   space 4608K, 0% used [0x00000000dd100000,0x00000000dd100000,0x00000000dd580000)
 ParOldGen       total 76800K, used 6281K [0x0000000091e00000, 0x0000000096900000, 0x00000000db500000)
  object space 76800K, 8% used [0x0000000091e00000,0x0000000092422590,0x0000000096900000)
 Metaspace       used 15524K, capacity 15830K, committed 16128K, reserved 1062912K
  class space    used 1884K, capacity 1977K, committed 2048K, reserved 1048576K
}
Event: 6.649 GC heap before
{Heap before GC invocations=5 (full 0):
 PSYoungGen      total 33280K, used 33256K [0x00000000db500000, 0x00000000dda00000, 0x0000000100000000)
  eden space 28672K, 100% used [0x00000000db500000,0x00000000dd100000,0x00000000dd100000)
  from space 4608K, 99% used [0x00000000dd580000,0x00000000dd9fa040,0x00000000dda00000)
  to   space 4608K, 0% used [0x00000000dd100000,0x00000000dd100000,0x00000000dd580000)
 ParOldGen       total 76800K, used 6281K [0x0000000091e00000, 0x0000000096900000, 0x00000000db500000)
  object space 76800K, 8% used [0x0000000091e00000,0x0000000092422590,0x0000000096900000)
 Metaspace       used 16548K, capacity 16910K, committed 17024K, reserved 1064960K
  class space    used 1985K, capacity 2081K, committed 2176K, reserved 1048576K
Event: 6.658 GC heap after
Heap after GC invocations=5 (full 0):
 PSYoungGen      total 32768K, used 4584K [0x00000000db500000, 0x00000000de080000, 0x0000000100000000)
  eden space 28160K, 0% used [0x00000000db500000,0x00000000db500000,0x00000000dd080000)
  from space 4608K, 99% used [0x00000000dd100000,0x00000000dd57a040,0x00000000dd580000)
  to   space 8192K, 0% used [0x00000000dd880000,0x00000000dd880000,0x00000000de080000)
 ParOldGen       total 76800K, used 8444K [0x0000000091e00000, 0x0000000096900000, 0x00000000db500000)
  object space 76800K, 10% used [0x0000000091e00000,0x000000009263f1c0,0x0000000096900000)
 Metaspace       used 16548K, capacity 16910K, committed 17024K, reserved 1064960K
  class space    used 1985K, capacity 2081K, committed 2176K, reserved 1048576K
}
Event: 9.265 GC heap before
{Heap before GC invocations=6 (full 0):
 PSYoungGen      total 32768K, used 32744K [0x00000000db500000, 0x00000000de080000, 0x0000000100000000)
  eden space 28160K, 100% used [0x00000000db500000,0x00000000dd080000,0x00000000dd080000)
  from space 4608K, 99% used [0x00000000dd100000,0x00000000dd57a040,0x00000000dd580000)
  to   space 8192K, 0% used [0x00000000dd880000,0x00000000dd880000,0x00000000de080000)
 ParOldGen       total 76800K, used 8444K [0x0000000091e00000, 0x0000000096900000, 0x00000000db500000)
  object space 76800K, 10% used [0x0000000091e00000,0x000000009263f1c0,0x0000000096900000)
 Metaspace       used 18845K, capacity 19254K, committed 19328K, reserved 1067008K
  class space    used 2271K, capacity 2417K, committed 2432K, reserved 1048576K
Event: 9.279 GC heap after
Heap after GC invocations=6 (full 0):
 PSYoungGen      total 35328K, used 6939K [0x00000000db500000, 0x00000000de000000, 0x0000000100000000)
  eden space 27648K, 0% used [0x00000000db500000,0x00000000db500000,0x00000000dd000000)
  from space 7680K, 90% used [0x00000000dd880000,0x00000000ddf46c30,0x00000000de000000)
  to   space 8192K, 0% used [0x00000000dd000000,0x00000000dd000000,0x00000000dd800000)
 ParOldGen       total 76800K, used 8452K [0x0000000091e00000, 0x0000000096900000, 0x00000000db500000)
  object space 76800K, 11% used [0x0000000091e00000,0x00000000926411c0,0x0000000096900000)
 Metaspace       used 18845K, capacity 19254K, committed 19328K, reserved 1067008K
  class space    used 2271K, capacity 2417K, committed 2432K, reserved 1048576K
}

